  [1m[36m (1.0ms)[0m  [1mCREATE TABLE "schema_migrations" ("version" varchar NOT NULL) [0m
  [1m[35m (0.1ms)[0m  select sqlite_version(*)
  [1m[36m (1.0ms)[0m  [1mCREATE UNIQUE INDEX "unique_schema_migrations" ON "schema_migrations" ("version")[0m
  [1m[35mActiveRecord::SchemaMigration Load (0.1ms)[0m  SELECT "schema_migrations".* FROM "schema_migrations"
Migrating to CreateArticles (20150121093717)
  [1m[36m (0.1ms)[0m  [1mbegin transaction[0m
  [1m[35m (0.4ms)[0m  CREATE TABLE "articles" ("id" INTEGER PRIMARY KEY AUTOINCREMENT NOT NULL, "title" varchar, "text" text, "created_at" datetime NOT NULL, "updated_at" datetime NOT NULL) 
  [1m[36mSQL (0.2ms)[0m  [1mINSERT INTO "schema_migrations" ("version") VALUES (?)[0m  [["version", "20150121093717"]]
  [1m[35m (0.8ms)[0m  commit transaction
  [1m[36mActiveRecord::SchemaMigration Load (0.1ms)[0m  [1mSELECT "schema_migrations".* FROM "schema_migrations"[0m


Started GET "/campaigns/show" for ::1 at 2015-01-21 09:38:43 +0000
  [1m[36mActiveRecord::SchemaMigration Load (0.1ms)[0m  [1mSELECT "schema_migrations".* FROM "schema_migrations"[0m

ActionController::RoutingError (No route matches [GET] "/campaigns/show"):
  web-console (2.0.0) lib/action_dispatch/debug_exceptions.rb:22:in `middleware_call'
  web-console (2.0.0) lib/action_dispatch/debug_exceptions.rb:13:in `call'
  actionpack (4.2.0) lib/action_dispatch/middleware/show_exceptions.rb:30:in `call'
  railties (4.2.0) lib/rails/rack/logger.rb:38:in `call_app'
  railties (4.2.0) lib/rails/rack/logger.rb:20:in `block in call'
  activesupport (4.2.0) lib/active_support/tagged_logging.rb:68:in `block in tagged'
  activesupport (4.2.0) lib/active_support/tagged_logging.rb:26:in `tagged'
  activesupport (4.2.0) lib/active_support/tagged_logging.rb:68:in `tagged'
  railties (4.2.0) lib/rails/rack/logger.rb:20:in `call'
  actionpack (4.2.0) lib/action_dispatch/middleware/request_id.rb:21:in `call'
  rack (1.6.0) lib/rack/methodoverride.rb:22:in `call'
  rack (1.6.0) lib/rack/runtime.rb:18:in `call'
  activesupport (4.2.0) lib/active_support/cache/strategy/local_cache_middleware.rb:28:in `call'
  rack (1.6.0) lib/rack/lock.rb:17:in `call'
  actionpack (4.2.0) lib/action_dispatch/middleware/static.rb:113:in `call'
  rack (1.6.0) lib/rack/sendfile.rb:113:in `call'
  railties (4.2.0) lib/rails/engine.rb:518:in `call'
  railties (4.2.0) lib/rails/application.rb:164:in `call'
  rack (1.6.0) lib/rack/lock.rb:17:in `call'
  rack (1.6.0) lib/rack/content_length.rb:15:in `call'
  rack (1.6.0) lib/rack/handler/webrick.rb:89:in `service'
  /Users/alessiogastaldo/.rbenv/versions/1.9.3-p392/lib/ruby/1.9.1/webrick/httpserver.rb:138:in `service'
  /Users/alessiogastaldo/.rbenv/versions/1.9.3-p392/lib/ruby/1.9.1/webrick/httpserver.rb:94:in `run'
  /Users/alessiogastaldo/.rbenv/versions/1.9.3-p392/lib/ruby/1.9.1/webrick/server.rb:191:in `block in start_thread'


  Rendered /Users/alessiogastaldo/.rbenv/versions/1.9.3-p392/lib/ruby/gems/1.9.1/gems/web-console-2.0.0/lib/action_dispatch/templates/rescues/_trace.html.erb (1.4ms)
  Rendered /Users/alessiogastaldo/.rbenv/versions/1.9.3-p392/lib/ruby/gems/1.9.1/gems/web-console-2.0.0/lib/action_dispatch/templates/routes/_route.html.erb (1.0ms)
  Rendered /Users/alessiogastaldo/.rbenv/versions/1.9.3-p392/lib/ruby/gems/1.9.1/gems/web-console-2.0.0/lib/action_dispatch/templates/routes/_table.html.erb (12.9ms)
  Rendered /Users/alessiogastaldo/.rbenv/versions/1.9.3-p392/lib/ruby/gems/1.9.1/gems/web-console-2.0.0/lib/action_dispatch/templates/rescues/_request_and_response.html.erb (19.7ms)
  Rendered /Users/alessiogastaldo/.rbenv/versions/1.9.3-p392/lib/ruby/gems/1.9.1/gems/web-console-2.0.0/lib/action_dispatch/templates/rescues/_web_console.html.erb (1.0ms)
  Rendered /Users/alessiogastaldo/.rbenv/versions/1.9.3-p392/lib/ruby/gems/1.9.1/gems/web-console-2.0.0/lib/action_dispatch/templates/rescues/routing_error.html.erb within rescues/layout (70.7ms)


Started GET "/articles" for ::1 at 2015-01-21 09:38:44 +0000


Started GET "/articles/new" for ::1 at 2015-01-21 09:38:49 +0000


Started GET "/articles/new" for ::1 at 2015-01-21 09:39:44 +0000


Started GET "/articles/new" for ::1 at 2015-01-21 09:39:47 +0000


Started GET "/article/new" for ::1 at 2015-01-21 09:39:51 +0000

ActionController::RoutingError (No route matches [GET] "/article/new"):
  web-console (2.0.0) lib/action_dispatch/debug_exceptions.rb:22:in `middleware_call'
  web-console (2.0.0) lib/action_dispatch/debug_exceptions.rb:13:in `call'
  actionpack (4.2.0) lib/action_dispatch/middleware/show_exceptions.rb:30:in `call'
  railties (4.2.0) lib/rails/rack/logger.rb:38:in `call_app'
  railties (4.2.0) lib/rails/rack/logger.rb:20:in `block in call'
  activesupport (4.2.0) lib/active_support/tagged_logging.rb:68:in `block in tagged'
  activesupport (4.2.0) lib/active_support/tagged_logging.rb:26:in `tagged'
  activesupport (4.2.0) lib/active_support/tagged_logging.rb:68:in `tagged'
  railties (4.2.0) lib/rails/rack/logger.rb:20:in `call'
  actionpack (4.2.0) lib/action_dispatch/middleware/request_id.rb:21:in `call'
  rack (1.6.0) lib/rack/methodoverride.rb:22:in `call'
  rack (1.6.0) lib/rack/runtime.rb:18:in `call'
  activesupport (4.2.0) lib/active_support/cache/strategy/local_cache_middleware.rb:28:in `call'
  rack (1.6.0) lib/rack/lock.rb:17:in `call'
  actionpack (4.2.0) lib/action_dispatch/middleware/static.rb:113:in `call'
  rack (1.6.0) lib/rack/sendfile.rb:113:in `call'
  railties (4.2.0) lib/rails/engine.rb:518:in `call'
  railties (4.2.0) lib/rails/application.rb:164:in `call'
  rack (1.6.0) lib/rack/lock.rb:17:in `call'
  rack (1.6.0) lib/rack/content_length.rb:15:in `call'
  rack (1.6.0) lib/rack/handler/webrick.rb:89:in `service'
  /Users/alessiogastaldo/.rbenv/versions/1.9.3-p392/lib/ruby/1.9.1/webrick/httpserver.rb:138:in `service'
  /Users/alessiogastaldo/.rbenv/versions/1.9.3-p392/lib/ruby/1.9.1/webrick/httpserver.rb:94:in `run'
  /Users/alessiogastaldo/.rbenv/versions/1.9.3-p392/lib/ruby/1.9.1/webrick/server.rb:191:in `block in start_thread'


  Rendered /Users/alessiogastaldo/.rbenv/versions/1.9.3-p392/lib/ruby/gems/1.9.1/gems/web-console-2.0.0/lib/action_dispatch/templates/rescues/_trace.html.erb (1.0ms)
  Rendered /Users/alessiogastaldo/.rbenv/versions/1.9.3-p392/lib/ruby/gems/1.9.1/gems/web-console-2.0.0/lib/action_dispatch/templates/routes/_route.html.erb (0.6ms)
  Rendered /Users/alessiogastaldo/.rbenv/versions/1.9.3-p392/lib/ruby/gems/1.9.1/gems/web-console-2.0.0/lib/action_dispatch/templates/routes/_table.html.erb (0.8ms)
  Rendered /Users/alessiogastaldo/.rbenv/versions/1.9.3-p392/lib/ruby/gems/1.9.1/gems/web-console-2.0.0/lib/action_dispatch/templates/rescues/_request_and_response.html.erb (0.8ms)
  Rendered /Users/alessiogastaldo/.rbenv/versions/1.9.3-p392/lib/ruby/gems/1.9.1/gems/web-console-2.0.0/lib/action_dispatch/templates/rescues/_web_console.html.erb (0.6ms)
  Rendered /Users/alessiogastaldo/.rbenv/versions/1.9.3-p392/lib/ruby/gems/1.9.1/gems/web-console-2.0.0/lib/action_dispatch/templates/rescues/routing_error.html.erb within rescues/layout (20.8ms)


Started GET "/articles/new" for ::1 at 2015-01-21 09:39:56 +0000


Started GET "/articles/new" for ::1 at 2015-01-21 09:41:11 +0000
  [1m[36mActiveRecord::SchemaMigration Load (0.1ms)[0m  [1mSELECT "schema_migrations".* FROM "schema_migrations"[0m


Started GET "/articles/new" for ::1 at 2015-01-21 09:41:22 +0000


Started GET "/articles/new" for ::1 at 2015-01-21 09:41:24 +0000


Started GET "/articles/new" for ::1 at 2015-01-21 09:43:33 +0000
  [1m[36mActiveRecord::SchemaMigration Load (0.1ms)[0m  [1mSELECT "schema_migrations".* FROM "schema_migrations"[0m


Started GET "/articles/new" for ::1 at 2015-01-21 09:43:35 +0000


Started GET "/articles/new" for ::1 at 2015-01-21 09:43:36 +0000


Started GET "/articles/new" for ::1 at 2015-01-21 09:43:37 +0000


Started GET "/articles/new" for ::1 at 2015-01-21 09:43:37 +0000


Started GET "/articles/new" for ::1 at 2015-01-21 09:45:12 +0000


Started GET "/articles/new" for ::1 at 2015-01-21 09:45:13 +0000


Started GET "/articles/new" for ::1 at 2015-01-21 09:47:01 +0000
  [1m[36mActiveRecord::SchemaMigration Load (0.1ms)[0m  [1mSELECT "schema_migrations".* FROM "schema_migrations"[0m


Started GET "/articles/new" for ::1 at 2015-01-21 09:47:03 +0000


Started GET "/articles/new" for ::1 at 2015-01-21 09:47:03 +0000


Started GET "/articles/new" for ::1 at 2015-01-21 09:47:04 +0000


Started GET "/articles/new" for ::1 at 2015-01-21 09:47:05 +0000


Started GET "/articles/new" for ::1 at 2015-01-21 09:48:16 +0000
  [1m[36mActiveRecord::SchemaMigration Load (0.1ms)[0m  [1mSELECT "schema_migrations".* FROM "schema_migrations"[0m


Started GET "/articles/new" for ::1 at 2015-01-21 09:48:18 +0000


Started GET "/articles/new" for ::1 at 2015-01-21 09:48:19 +0000


Started GET "/articles/new" for ::1 at 2015-01-21 09:48:19 +0000


Started GET "/articles/new" for ::1 at 2015-01-21 09:48:38 +0000
  [1m[36mActiveRecord::SchemaMigration Load (0.2ms)[0m  [1mSELECT "schema_migrations".* FROM "schema_migrations"[0m


Started GET "/articles/new" for ::1 at 2015-01-21 09:51:36 +0000
  [1m[36mActiveRecord::SchemaMigration Load (0.1ms)[0m  [1mSELECT "schema_migrations".* FROM "schema_migrations"[0m


Started GET "/articles/new" for ::1 at 2015-01-21 09:51:38 +0000


Started GET "/articles/new" for ::1 at 2015-01-21 09:51:38 +0000
 
